Started by user [8mha:////4JMcgApIUFlX1kidF0hslYnk0yH9rmyujIbXfZ/hgItPAAAAlx+LCAAAAAAAAP9b85aBtbiIQTGjNKU4P08vOT+vOD8nVc83PyU1x6OyILUoJzMv2y+/JJUBAhiZGBgqihhk0NSjKDWzXb3RdlLBUSYGJk8GtpzUvPSSDB8G5tKinBIGIZ+sxLJE/ZzEvHT94JKizLx0a6BxUmjGOUNodHsLgAzWEgZu/dLi1CL9xJTczDwAj6GcLcAAAAA=[0madmin
Building in workspace /var/jenkins_home/workspace/Teste Automatizado
Xvfb starting$ Xvfb :2 -screen 0 1366x768x24 -fbdir /var/jenkins_home/xvfb-55-..fbdir6739256613820531506
[Teste Automatizado] $ /bin/sh -xe /tmp/jenkins911371785908236635.sh
+ /var/jenkins_home/tools/katalon/katalon --args -runMode=console -projectPath=/var/jenkins_home/workspace/Teste Automatizado/Hemovida -reportFolder=Reports -reportFileName=report -retry=0 -testSuitePath=Test Suites/Hemovida -browserType=Chrome
_XSERVTransmkdir: ERROR: euid != 0,directory /tmp/.X11-unix will not be created.
Request sent successfully.
Delete folder: bin
Delete folder: Libs
Opening project file: /var/jenkins_home/workspace/Teste Automatizado/Hemovida/Hemovida.prj
[EL Warning]: 2019-02-08 23:00:36.842--Ignoring attribute [lastRun] on class [TestSuiteEntity] as no Property was generated for it.
Starting Groovy-Eclipse compiler resolver.  Specified compiler level: unspecified
166 2.4.7.xx-201611170128-e46 = ACTIVE
Parsing custom keywords...
Generating global variables...
Project 'Hemovida' opened

--------------------------------------------------------------------------------
Test Suites/Hemovida - Chrome - 20190208_230054..........................0/1(0%)
--------------------------------------------------------------------------------

Request sent successfully.
2019-02-08 23:00:57.882 INFO  c.k.katalon.core.main.TestSuiteExecutor  - START Test Suites/Hemovida
2019-02-08 23:00:57.948 INFO  c.k.katalon.core.main.TestSuiteExecutor  - hostName = jenkins - 5c213bf4da59
2019-02-08 23:00:57.949 INFO  c.k.katalon.core.main.TestSuiteExecutor  - os = Linux 64bit
2019-02-08 23:00:57.950 INFO  c.k.katalon.core.main.TestSuiteExecutor  - hostAddress = 172.19.0.2
2019-02-08 23:00:57.978 INFO  c.k.katalon.core.main.TestSuiteExecutor  - katalonVersion = 5.10.1.1
2019-02-08 23:00:58.296 INFO  c.k.katalon.core.main.TestCaseExecutor   - --------------------
2019-02-08 23:00:58.297 INFO  c.k.katalon.core.main.TestCaseExecutor   - START Test Cases/Login
2019-02-08 23:00:59.130 DEBUG testcase.Login                           - 1: openBrowser("http://hemovida.desenvolvimento.saude.gov/")
2019-02-08 23:00:59.990 INFO  c.k.k.core.webui.driver.DriverFactory    - Starting 'Chrome' driver
2019-02-08 23:01:00.012 INFO  c.k.k.core.webui.driver.DriverFactory    - Action delay is set to 0 seconds
Starting ChromeDriver 2.43.600233 (523efee95e3d68b8719b3a1c83051aa63aa6b10d) on port 17740
Only local connections are allowed.
[1549666860.996][SEVERE]: bind() returned an error, errno=0: Cannot assign requested address (99)
2019-02-08 23:01:01.556 ERROR c.k.k.core.keyword.internal.KeywordMain  - âŒ Unable to open browser with url: 'http://hemovida.desenvolvimento.saude.gov/' (Root cause: org.openqa.selenium.WebDriverException: unknown error: cannot find Chrome binary
  (Driver info: chromedriver=2.43.600233 (523efee95e3d68b8719b3a1c83051aa63aa6b10d),platform=Linux 4.9.125-linuxkit x86_64) (WARNING: The server did not provide any stacktrace information)
Command duration or timeout: 160 milliseconds
Build info: version: '3.7.1', revision: '8a0099a', time: '2017-11-06T21:07:36.161Z'
System info: host: '5c213bf4da59', ip: '172.19.0.2', os.name: 'Linux', os.arch: 'amd64', os.version: '4.9.125-linuxkit', java.version: '1.8.0_181'
Driver info: driver.version: CChromeDriver)
2019-02-08 23:01:01.568 ERROR c.k.katalon.core.main.TestCaseExecutor   - âŒ openBrowser("http://hemovida.desenvolvimento.saude.gov/") FAILED.
Reason:
com.kms.katalon.core.exception.StepFailedException: Unable to open browser with url: 'http://hemovida.desenvolvimento.saude.gov/' (Root cause: org.openqa.selenium.WebDriverException: unknown error: cannot find Chrome binary
  (Driver info: chromedriver=2.43.600233 (523efee95e3d68b8719b3a1c83051aa63aa6b10d),platform=Linux 4.9.125-linuxkit x86_64) (WARNING: The server did not provide any stacktrace information)
Command duration or timeout: 160 milliseconds
Build info: version: '3.7.1', revision: '8a0099a', time: '2017-11-06T21:07:36.161Z'
System info: host: '5c213bf4da59', ip: '172.19.0.2', os.name: 'Linux', os.arch: 'amd64', os.version: '4.9.125-linuxkit', java.version: '1.8.0_181'
Driver info: driver.version: CChromeDriver)
	at com.kms.katalon.core.keyword.internal.KeywordMain.stepFailed(KeywordMain.groovy:36)
	at com.kms.katalon.core.webui.keyword.internal.WebUIKeywordMain.stepFailed(WebUIKeywordMain.groovy:65)
	at com.kms.katalon.core.webui.keyword.internal.WebUIKeywordMain.runKeyword(WebUIKeywordMain.groovy:27)
	at com.kms.katalon.core.webui.keyword.builtin.OpenBrowserKeyword.openBrowser(OpenBrowserKeyword.groovy:81)
	at com.kms.katalon.core.webui.keyword.builtin.OpenBrowserKeyword.execute(OpenBrowserKeyword.groovy:67)
	at com.kms.katalon.core.keyword.internal.KeywordExecutor.executeKeywordForPlatform(KeywordExecutor.groovy:53)
	at com.kms.katalon.core.webui.keyword.WebUiBuiltInKeywords.openBrowser(WebUiBuiltInKeywords.groovy:60)
	at com.kms.katalon.core.webui.keyword.WebUiBuiltInKeywords$openBrowser.call(Unknown Source)
	at Login.run(Login:31)
	at com.kms.katalon.core.main.ScriptEngine.run(ScriptEngine.java:194)
	at com.kms.katalon.core.main.ScriptEngine.runScriptAsRawText(ScriptEngine.java:119)
	at com.kms.katalon.core.main.TestCaseExecutor.runScript(TestCaseExecutor.java:328)
	at com.kms.katalon.core.main.TestCaseExecutor.doExecute(TestCaseExecutor.java:319)
	at com.kms.katalon.core.main.TestCaseExecutor.processExecutionPhase(TestCaseExecutor.java:298)
	at com.kms.katalon.core.main.TestCaseExecutor.accessMainPhase(TestCaseExecutor.java:290)
	at com.kms.katalon.core.main.TestCaseExecutor.execute(TestCaseExecutor.java:224)
	at com.kms.katalon.core.main.TestSuiteExecutor.accessTestCaseMainPhase(TestSuiteExecutor.java:129)
	at com.kms.katalon.core.main.TestSuiteExecutor.accessTestSuiteMainPhase(TestSuiteExecutor.java:112)
	at com.kms.katalon.core.main.TestSuiteExecutor.execute(TestSuiteExecutor.java:81)
	at com.kms.katalon.core.main.TestCaseMain.startTestSuite(TestCaseMain.java:149)
	at com.kms.katalon.core.main.TestCaseMain$startTestSuite$0.call(Unknown Source)
	at TempTestSuite1549666854349.run(TempTestSuite1549666854349.groovy:36)

2019-02-08 23:01:01.572 ERROR c.k.katalon.core.main.TestCaseExecutor   - âŒ Test Cases/Login FAILED.
Reason:
com.kms.katalon.core.exception.StepFailedException: Unable to open browser with url: 'http://hemovida.desenvolvimento.saude.gov/' (Root cause: org.openqa.selenium.WebDriverException: unknown error: cannot find Chrome binary
  (Driver info: chromedriver=2.43.600233 (523efee95e3d68b8719b3a1c83051aa63aa6b10d),platform=Linux 4.9.125-linuxkit x86_64) (WARNING: The server did not provide any stacktrace information)
Command duration or timeout: 160 milliseconds
Build info: version: '3.7.1', revision: '8a0099a', time: '2017-11-06T21:07:36.161Z'
System info: host: '5c213bf4da59', ip: '172.19.0.2', os.name: 'Linux', os.arch: 'amd64', os.version: '4.9.125-linuxkit', java.version: '1.8.0_181'
Driver info: driver.version: CChromeDriver)
	at com.kms.katalon.core.keyword.internal.KeywordMain.stepFailed(KeywordMain.groovy:36)
	at com.kms.katalon.core.webui.keyword.internal.WebUIKeywordMain.stepFailed(WebUIKeywordMain.groovy:65)
	at com.kms.katalon.core.webui.keyword.internal.WebUIKeywordMain.runKeyword(WebUIKeywordMain.groovy:27)
	at com.kms.katalon.core.webui.keyword.builtin.OpenBrowserKeyword.openBrowser(OpenBrowserKeyword.groovy:81)
	at com.kms.katalon.core.webui.keyword.builtin.OpenBrowserKeyword.execute(OpenBrowserKeyword.groovy:67)
	at com.kms.katalon.core.keyword.internal.KeywordExecutor.executeKeywordForPlatform(KeywordExecutor.groovy:53)
	at com.kms.katalon.core.webui.keyword.WebUiBuiltInKeywords.openBrowser(WebUiBuiltInKeywords.groovy:60)
	at com.kms.katalon.core.webui.keyword.WebUiBuiltInKeywords$openBrowser.call(Unknown Source)
	at Login.run(Login:31)
	at com.kms.katalon.core.main.ScriptEngine.run(ScriptEngine.java:194)
	at com.kms.katalon.core.main.ScriptEngine.runScriptAsRawText(ScriptEngine.java:119)
	at com.kms.katalon.core.main.TestCaseExecutor.runScript(TestCaseExecutor.java:328)
	at com.kms.katalon.core.main.TestCaseExecutor.doExecute(TestCaseExecutor.java:319)
	at com.kms.katalon.core.main.TestCaseExecutor.processExecutionPhase(TestCaseExecutor.java:298)
	at com.kms.katalon.core.main.TestCaseExecutor.accessMainPhase(TestCaseExecutor.java:290)
	at com.kms.katalon.core.main.TestCaseExecutor.execute(TestCaseExecutor.java:224)
	at com.kms.katalon.core.main.TestSuiteExecutor.accessTestCaseMainPhase(TestSuiteExecutor.java:129)
	at com.kms.katalon.core.main.TestSuiteExecutor.accessTestSuiteMainPhase(TestSuiteExecutor.java:112)
	at com.kms.katalon.core.main.TestSuiteExecutor.execute(TestSuiteExecutor.java:81)
	at com.kms.katalon.core.main.TestCaseMain.startTestSuite(TestCaseMain.java:149)
	at com.kms.katalon.core.main.TestCaseMain$startTestSuite$0.call(Unknown Source)
	at TempTestSuite1549666854349.run(TempTestSuite1549666854349.groovy:36)

2019-02-08 23:01:01.581 INFO  c.k.katalon.core.main.TestCaseExecutor   - END Test Cases/Login
2019-02-08 23:01:01.625 INFO  c.k.katalon.core.main.TestSuiteExecutor  - --------------------
2019-02-08 23:01:01.625 INFO  c.k.katalon.core.main.TestSuiteExecutor  - END Test Suites/Hemovida
2019-02-08 23:01:01.625 INFO  c.k.katalon.core.main.TestSuiteExecutor  - ====================
Copying report to folder /var/jenkins_home/workspace/Teste Automatizado/Hemovida/Reports...

--------------------------------------------------------------------------------
Test Suites/Hemovida - Chrome - 20190208_230054........................1/1(100%)
--------------------------------------------------------------------------------

Build step 'Execute shell' marked build as failure
Xvfb stopping
The XKEYBOARD keymap compiler (xkbcomp) reports:
> Error:            Cannot open "/tmp/server-2.xkm" to write keyboard description
>                   Exiting
XKB: Failed to compile keymap
Keyboard initialization failed. This could be a missing or incorrect setup of xkeyboard-config.
(EE) 
Fatal server error:
(EE) Failed to activate virtual core keyboard: 2(EE) 
Recording test results
Finished: FAILURE
